The system is: Linux - 5.15.0-67-generic - x86_64
Compiling the C compiler identification source file "CMakeCCompilerId.c" succeeded.
Compiler: /home/yantingchi/Desktop/clang/clang14.0.0/bin/clang 
Build flags: 
Id flags:  

The output was:
0


Compilation of the C compiler identification source "CMakeCCompilerId.c" produced "a.out"

The C compiler identification is Clang, found in "/home/yantingchi/Desktop/Lab/indirectCall/OSS-Fuzz/mlta/build/CMakeFiles/3.16.3/CompilerIdC/a.out"

Compiling the CXX compiler identification source file "CMakeCXXCompilerId.cpp" succeeded.
Compiler: /home/yantingchi/Desktop/clang/clang14.0.0/bin/clang++ 
Build flags: 
Id flags:  

The output was:
0


Compilation of the CXX compiler identification source "CMakeCXXCompilerId.cpp" produced "a.out"

The CXX compiler identification is Clang, found in "/home/yantingchi/Desktop/Lab/indirectCall/OSS-Fuzz/mlta/build/CMakeFiles/3.16.3/CompilerIdCXX/a.out"

Determining if the C compiler works passed with the following output:
Change Dir: /home/yantingchi/Desktop/Lab/indirectCall/OSS-Fuzz/mlta/build/CMakeFiles/CMakeTmp

Run Build Command(s):/usr/bin/make cmTC_7e08e/fast && make[1]: Entering directory '/home/yantingchi/Desktop/Lab/indirectCall/OSS-Fuzz/mlta/build/CMakeFiles/CMakeTmp'
/usr/bin/make -f CMakeFiles/cmTC_7e08e.dir/build.make CMakeFiles/cmTC_7e08e.dir/build
make[2]: Entering directory '/home/yantingchi/Desktop/Lab/indirectCall/OSS-Fuzz/mlta/build/CMakeFiles/CMakeTmp'
Building C object CMakeFiles/cmTC_7e08e.dir/testCCompiler.c.o
/home/yantingchi/Desktop/clang/clang14.0.0/bin/clang    -o CMakeFiles/cmTC_7e08e.dir/testCCompiler.c.o   -c /home/yantingchi/Desktop/Lab/indirectCall/OSS-Fuzz/mlta/build/CMakeFiles/CMakeTmp/testCCompiler.c
Linking C executable cmTC_7e08e
/usr/bin/cmake -E cmake_link_script CMakeFiles/cmTC_7e08e.dir/link.txt --verbose=1
/home/yantingchi/Desktop/clang/clang14.0.0/bin/clang      CMakeFiles/cmTC_7e08e.dir/testCCompiler.c.o  -o cmTC_7e08e 
make[2]: Leaving directory '/home/yantingchi/Desktop/Lab/indirectCall/OSS-Fuzz/mlta/build/CMakeFiles/CMakeTmp'
make[1]: Leaving directory '/home/yantingchi/Desktop/Lab/indirectCall/OSS-Fuzz/mlta/build/CMakeFiles/CMakeTmp'



Detecting C compiler ABI info compiled with the following output:
Change Dir: /home/yantingchi/Desktop/Lab/indirectCall/OSS-Fuzz/mlta/build/CMakeFiles/CMakeTmp

Run Build Command(s):/usr/bin/make cmTC_b1ed7/fast && make[1]: Entering directory '/home/yantingchi/Desktop/Lab/indirectCall/OSS-Fuzz/mlta/build/CMakeFiles/CMakeTmp'
/usr/bin/make -f CMakeFiles/cmTC_b1ed7.dir/build.make CMakeFiles/cmTC_b1ed7.dir/build
make[2]: Entering directory '/home/yantingchi/Desktop/Lab/indirectCall/OSS-Fuzz/mlta/build/CMakeFiles/CMakeTmp'
Building C object CMakeFiles/cmTC_b1ed7.dir/CMakeCCompilerABI.c.o
/home/yantingchi/Desktop/clang/clang14.0.0/bin/clang   -v -o CMakeFiles/cmTC_b1ed7.dir/CMakeCCompilerABI.c.o   -c /usr/share/cmake-3.16/Modules/CMakeCCompilerABI.c
clang version 14.0.0
Target: x86_64-unknown-linux-gnu
Thread model: posix
InstalledDir: /home/yantingchi/Desktop/clang/clang14.0.0/bin
Found candidate GCC installation: /usr/lib/gcc/x86_64-linux-gnu/9
Selected GCC installation: /usr/lib/gcc/x86_64-linux-gnu/9
Candidate multilib: .;@m64
Selected multilib: .;@m64
 (in-process)
 "/home/yantingchi/Desktop/clang/clang14.0.0/bin/clang" -cc1 -triple x86_64-unknown-linux-gnu -emit-obj -mrelax-all --mrelax-relocations -disable-free -clear-ast-before-backend -disable-llvm-verifier -discard-value-names -main-file-name CMakeCCompilerABI.c -mrelocation-model static -mframe-pointer=all -fmath-errno -ffp-contract=on -fno-rounding-math -mconstructor-aliases -funwind-tables=2 -target-cpu x86-64 -tune-cpu generic -mllvm -treat-scalable-fixed-error-as-warning -debugger-tuning=gdb -v -fcoverage-compilation-dir=/home/yantingchi/Desktop/Lab/indirectCall/OSS-Fuzz/mlta/build/CMakeFiles/CMakeTmp -resource-dir /home/yantingchi/Desktop/clang/clang14.0.0/lib/clang/14.0.0 -internal-isystem /home/yantingchi/Desktop/clang/clang14.0.0/lib/clang/14.0.0/include -internal-isystem /usr/local/include -internal-isystem /usr/lib/gcc/x86_64-linux-gnu/9/../../../../x86_64-linux-gnu/include -internal-externc-isystem /usr/include/x86_64-linux-gnu -internal-externc-isystem /include -internal-externc-isystem /usr/include -fdebug-compilation-dir=/home/yantingchi/Desktop/Lab/indirectCall/OSS-Fuzz/mlta/build/CMakeFiles/CMakeTmp -ferror-limit 19 -fgnuc-version=4.2.1 -faddrsig -D__GCC_HAVE_DWARF2_CFI_ASM=1 -o CMakeFiles/cmTC_b1ed7.dir/CMakeCCompilerABI.c.o -x c /usr/share/cmake-3.16/Modules/CMakeCCompilerABI.c
clang -cc1 version 14.0.0 based upon LLVM 14.0.0 default target x86_64-unknown-linux-gnu
ignoring nonexistent directory "/usr/lib/gcc/x86_64-linux-gnu/9/../../../../x86_64-linux-gnu/include"
ignoring nonexistent directory "/include"
#include "..." search starts here:
#include <...> search starts here:
 /home/yantingchi/Desktop/clang/clang14.0.0/lib/clang/14.0.0/include
 /usr/local/include
 /usr/include/x86_64-linux-gnu
 /usr/include
End of search list.
Linking C executable cmTC_b1ed7
/usr/bin/cmake -E cmake_link_script CMakeFiles/cmTC_b1ed7.dir/link.txt --verbose=1
/home/yantingchi/Desktop/clang/clang14.0.0/bin/clang     -v CMakeFiles/cmTC_b1ed7.dir/CMakeCCompilerABI.c.o  -o cmTC_b1ed7 
clang version 14.0.0
Target: x86_64-unknown-linux-gnu
Thread model: posix
InstalledDir: /home/yantingchi/Desktop/clang/clang14.0.0/bin
Found candidate GCC installation: /usr/lib/gcc/x86_64-linux-gnu/9
Selected GCC installation: /usr/lib/gcc/x86_64-linux-gnu/9
Candidate multilib: .;@m64
Selected multilib: .;@m64
 "/usr/bin/ld" -z relro --hash-style=gnu --eh-frame-hdr -m elf_x86_64 -dynamic-linker /lib64/ld-linux-x86-64.so.2 -o cmTC_b1ed7 /lib/x86_64-linux-gnu/crt1.o /lib/x86_64-linux-gnu/crti.o /usr/lib/gcc/x86_64-linux-gnu/9/crtbegin.o -L/home/yantingchi/Desktop/clang/clang14.0.0/bin/../lib/x86_64-unknown-linux-gnu -L/usr/lib/gcc/x86_64-linux-gnu/9 -L/usr/lib/gcc/x86_64-linux-gnu/9/../../../../lib64 -L/lib/x86_64-linux-gnu -L/lib/../lib64 -L/usr/lib/x86_64-linux-gnu -L/usr/lib/../lib64 -L/home/yantingchi/Desktop/clang/clang14.0.0/bin/../lib -L/lib -L/usr/lib CMakeFiles/cmTC_b1ed7.dir/CMakeCCompilerABI.c.o -lgcc --as-needed -lgcc_s --no-as-needed -lc -lgcc --as-needed -lgcc_s --no-as-needed /usr/lib/gcc/x86_64-linux-gnu/9/crtend.o /lib/x86_64-linux-gnu/crtn.o
make[2]: Leaving directory '/home/yantingchi/Desktop/Lab/indirectCall/OSS-Fuzz/mlta/build/CMakeFiles/CMakeTmp'
make[1]: Leaving directory '/home/yantingchi/Desktop/Lab/indirectCall/OSS-Fuzz/mlta/build/CMakeFiles/CMakeTmp'



Parsed C implicit include dir info from above output: rv=done
  found start of include info
  found start of implicit include info
    add: [/home/yantingchi/Desktop/clang/clang14.0.0/lib/clang/14.0.0/include]
    add: [/usr/local/include]
    add: [/usr/include/x86_64-linux-gnu]
    add: [/usr/include]
  end of search list found
  collapse include dir [/home/yantingchi/Desktop/clang/clang14.0.0/lib/clang/14.0.0/include] ==> [/home/yantingchi/Desktop/clang/clang14.0.0/lib/clang/14.0.0/include]
  collapse include dir [/usr/local/include] ==> [/usr/local/include]
  collapse include dir [/usr/include/x86_64-linux-gnu] ==> [/usr/include/x86_64-linux-gnu]
  collapse include dir [/usr/include] ==> [/usr/include]
  implicit include dirs: [/home/yantingchi/Desktop/clang/clang14.0.0/lib/clang/14.0.0/include;/usr/local/include;/usr/include/x86_64-linux-gnu;/usr/include]


Parsed C implicit link information from above output:
  link line regex: [^( *|.*[/\])(ld|CMAKE_LINK_STARTFILE-NOTFOUND|([^/\]+-)?ld|collect2)[^/\]*( |$)]
  ignore line: [Change Dir: /home/yantingchi/Desktop/Lab/indirectCall/OSS-Fuzz/mlta/build/CMakeFiles/CMakeTmp]
  ignore line: []
  ignore line: [Run Build Command(s):/usr/bin/make cmTC_b1ed7/fast && make[1]: Entering directory '/home/yantingchi/Desktop/Lab/indirectCall/OSS-Fuzz/mlta/build/CMakeFiles/CMakeTmp']
  ignore line: [/usr/bin/make -f CMakeFiles/cmTC_b1ed7.dir/build.make CMakeFiles/cmTC_b1ed7.dir/build]
  ignore line: [make[2]: Entering directory '/home/yantingchi/Desktop/Lab/indirectCall/OSS-Fuzz/mlta/build/CMakeFiles/CMakeTmp']
  ignore line: [Building C object CMakeFiles/cmTC_b1ed7.dir/CMakeCCompilerABI.c.o]
  ignore line: [/home/yantingchi/Desktop/clang/clang14.0.0/bin/clang   -v -o CMakeFiles/cmTC_b1ed7.dir/CMakeCCompilerABI.c.o   -c /usr/share/cmake-3.16/Modules/CMakeCCompilerABI.c]
  ignore line: [clang version 14.0.0]
  ignore line: [Target: x86_64-unknown-linux-gnu]
  ignore line: [Thread model: posix]
  ignore line: [InstalledDir: /home/yantingchi/Desktop/clang/clang14.0.0/bin]
  ignore line: [Found candidate GCC installation: /usr/lib/gcc/x86_64-linux-gnu/9]
  ignore line: [Selected GCC installation: /usr/lib/gcc/x86_64-linux-gnu/9]
  ignore line: [Candidate multilib: .]
  ignore line: [@m64]
  ignore line: [Selected multilib: .]
  ignore line: [@m64]
  ignore line: [ (in-process)]
  ignore line: [ "/home/yantingchi/Desktop/clang/clang14.0.0/bin/clang" -cc1 -triple x86_64-unknown-linux-gnu -emit-obj -mrelax-all --mrelax-relocations -disable-free -clear-ast-before-backend -disable-llvm-verifier -discard-value-names -main-file-name CMakeCCompilerABI.c -mrelocation-model static -mframe-pointer=all -fmath-errno -ffp-contract=on -fno-rounding-math -mconstructor-aliases -funwind-tables=2 -target-cpu x86-64 -tune-cpu generic -mllvm -treat-scalable-fixed-error-as-warning -debugger-tuning=gdb -v -fcoverage-compilation-dir=/home/yantingchi/Desktop/Lab/indirectCall/OSS-Fuzz/mlta/build/CMakeFiles/CMakeTmp -resource-dir /home/yantingchi/Desktop/clang/clang14.0.0/lib/clang/14.0.0 -internal-isystem /home/yantingchi/Desktop/clang/clang14.0.0/lib/clang/14.0.0/include -internal-isystem /usr/local/include -internal-isystem /usr/lib/gcc/x86_64-linux-gnu/9/../../../../x86_64-linux-gnu/include -internal-externc-isystem /usr/include/x86_64-linux-gnu -internal-externc-isystem /include -internal-externc-isystem /usr/include -fdebug-compilation-dir=/home/yantingchi/Desktop/Lab/indirectCall/OSS-Fuzz/mlta/build/CMakeFiles/CMakeTmp -ferror-limit 19 -fgnuc-version=4.2.1 -faddrsig -D__GCC_HAVE_DWARF2_CFI_ASM=1 -o CMakeFiles/cmTC_b1ed7.dir/CMakeCCompilerABI.c.o -x c /usr/share/cmake-3.16/Modules/CMakeCCompilerABI.c]
  ignore line: [clang -cc1 version 14.0.0 based upon LLVM 14.0.0 default target x86_64-unknown-linux-gnu]
  ignore line: [ignoring nonexistent directory "/usr/lib/gcc/x86_64-linux-gnu/9/../../../../x86_64-linux-gnu/include"]
  ignore line: [ignoring nonexistent directory "/include"]
  ignore line: [#include "..." search starts here:]
  ignore line: [#include <...> search starts here:]
  ignore line: [ /home/yantingchi/Desktop/clang/clang14.0.0/lib/clang/14.0.0/include]
  ignore line: [ /usr/local/include]
  ignore line: [ /usr/include/x86_64-linux-gnu]
  ignore line: [ /usr/include]
  ignore line: [End of search list.]
  ignore line: [Linking C executable cmTC_b1ed7]
  ignore line: [/usr/bin/cmake -E cmake_link_script CMakeFiles/cmTC_b1ed7.dir/link.txt --verbose=1]
  ignore line: [/home/yantingchi/Desktop/clang/clang14.0.0/bin/clang     -v CMakeFiles/cmTC_b1ed7.dir/CMakeCCompilerABI.c.o  -o cmTC_b1ed7 ]
  ignore line: [clang version 14.0.0]
  ignore line: [Target: x86_64-unknown-linux-gnu]
  ignore line: [Thread model: posix]
  ignore line: [InstalledDir: /home/yantingchi/Desktop/clang/clang14.0.0/bin]
  ignore line: [Found candidate GCC installation: /usr/lib/gcc/x86_64-linux-gnu/9]
  ignore line: [Selected GCC installation: /usr/lib/gcc/x86_64-linux-gnu/9]
  ignore line: [Candidate multilib: .]
  ignore line: [@m64]
  ignore line: [Selected multilib: .]
  ignore line: [@m64]
  link line: [ "/usr/bin/ld" -z relro --hash-style=gnu --eh-frame-hdr -m elf_x86_64 -dynamic-linker /lib64/ld-linux-x86-64.so.2 -o cmTC_b1ed7 /lib/x86_64-linux-gnu/crt1.o /lib/x86_64-linux-gnu/crti.o /usr/lib/gcc/x86_64-linux-gnu/9/crtbegin.o -L/home/yantingchi/Desktop/clang/clang14.0.0/bin/../lib/x86_64-unknown-linux-gnu -L/usr/lib/gcc/x86_64-linux-gnu/9 -L/usr/lib/gcc/x86_64-linux-gnu/9/../../../../lib64 -L/lib/x86_64-linux-gnu -L/lib/../lib64 -L/usr/lib/x86_64-linux-gnu -L/usr/lib/../lib64 -L/home/yantingchi/Desktop/clang/clang14.0.0/bin/../lib -L/lib -L/usr/lib CMakeFiles/cmTC_b1ed7.dir/CMakeCCompilerABI.c.o -lgcc --as-needed -lgcc_s --no-as-needed -lc -lgcc --as-needed -lgcc_s --no-as-needed /usr/lib/gcc/x86_64-linux-gnu/9/crtend.o /lib/x86_64-linux-gnu/crtn.o]
    arg [/usr/bin/ld] ==> ignore
    arg [-zrelro] ==> ignore
    arg [--hash-style=gnu] ==> ignore
    arg [--eh-frame-hdr] ==> ignore
    arg [-m] ==> ignore
    arg [elf_x86_64] ==> ignore
    arg [-dynamic-linker] ==> ignore
    arg [/lib64/ld-linux-x86-64.so.2] ==> ignore
    arg [-o] ==> ignore
    arg [cmTC_b1ed7] ==> ignore
    arg [/lib/x86_64-linux-gnu/crt1.o] ==> ignore
    arg [/lib/x86_64-linux-gnu/crti.o] ==> ignore
    arg [/usr/lib/gcc/x86_64-linux-gnu/9/crtbegin.o] ==> ignore
    arg [-L/home/yantingchi/Desktop/clang/clang14.0.0/bin/../lib/x86_64-unknown-linux-gnu] ==> dir [/home/yantingchi/Desktop/clang/clang14.0.0/bin/../lib/x86_64-unknown-linux-gnu]
    arg [-L/usr/lib/gcc/x86_64-linux-gnu/9] ==> dir [/usr/lib/gcc/x86_64-linux-gnu/9]
    arg [-L/usr/lib/gcc/x86_64-linux-gnu/9/../../../../lib64] ==> dir [/usr/lib/gcc/x86_64-linux-gnu/9/../../../../lib64]
    arg [-L/lib/x86_64-linux-gnu] ==> dir [/lib/x86_64-linux-gnu]
    arg [-L/lib/../lib64] ==> dir [/lib/../lib64]
    arg [-L/usr/lib/x86_64-linux-gnu] ==> dir [/usr/lib/x86_64-linux-gnu]
    arg [-L/usr/lib/../lib64] ==> dir [/usr/lib/../lib64]
    arg [-L/home/yantingchi/Desktop/clang/clang14.0.0/bin/../lib] ==> dir [/home/yantingchi/Desktop/clang/clang14.0.0/bin/../lib]
    arg [-L/lib] ==> dir [/lib]
    arg [-L/usr/lib] ==> dir [/usr/lib]
    arg [CMakeFiles/cmTC_b1ed7.dir/CMakeCCompilerABI.c.o] ==> ignore
    arg [-lgcc] ==> lib [gcc]
    arg [--as-needed] ==> ignore
    arg [-lgcc_s] ==> lib [gcc_s]
    arg [--no-as-needed] ==> ignore
    arg [-lc] ==> lib [c]
    arg [-lgcc] ==> lib [gcc]
    arg [--as-needed] ==> ignore
    arg [-lgcc_s] ==> lib [gcc_s]
    arg [--no-as-needed] ==> ignore
    arg [/usr/lib/gcc/x86_64-linux-gnu/9/crtend.o] ==> ignore
    arg [/lib/x86_64-linux-gnu/crtn.o] ==> ignore
  collapse library dir [/home/yantingchi/Desktop/clang/clang14.0.0/bin/../lib/x86_64-unknown-linux-gnu] ==> [/home/yantingchi/Desktop/clang/clang14.0.0/lib/x86_64-unknown-linux-gnu]
  collapse library dir [/usr/lib/gcc/x86_64-linux-gnu/9] ==> [/usr/lib/gcc/x86_64-linux-gnu/9]
  collapse library dir [/usr/lib/gcc/x86_64-linux-gnu/9/../../../../lib64] ==> [/usr/lib64]
  collapse library dir [/lib/x86_64-linux-gnu] ==> [/lib/x86_64-linux-gnu]
  collapse library dir [/lib/../lib64] ==> [/lib64]
  collapse library dir [/usr/lib/x86_64-linux-gnu] ==> [/usr/lib/x86_64-linux-gnu]
  collapse library dir [/usr/lib/../lib64] ==> [/usr/lib64]
  collapse library dir [/home/yantingchi/Desktop/clang/clang14.0.0/bin/../lib] ==> [/home/yantingchi/Desktop/clang/clang14.0.0/lib]
  collapse library dir [/lib] ==> [/lib]
  collapse library dir [/usr/lib] ==> [/usr/lib]
  implicit libs: [gcc;gcc_s;c;gcc;gcc_s]
  implicit dirs: [/home/yantingchi/Desktop/clang/clang14.0.0/lib/x86_64-unknown-linux-gnu;/usr/lib/gcc/x86_64-linux-gnu/9;/usr/lib64;/lib/x86_64-linux-gnu;/lib64;/usr/lib/x86_64-linux-gnu;/home/yantingchi/Desktop/clang/clang14.0.0/lib;/lib;/usr/lib]
  implicit fwks: []


Determining if the CXX compiler works passed with the following output:
Change Dir: /home/yantingchi/Desktop/Lab/indirectCall/OSS-Fuzz/mlta/build/CMakeFiles/CMakeTmp

Run Build Command(s):/usr/bin/make cmTC_01eb6/fast && make[1]: Entering directory '/home/yantingchi/Desktop/Lab/indirectCall/OSS-Fuzz/mlta/build/CMakeFiles/CMakeTmp'
/usr/bin/make -f CMakeFiles/cmTC_01eb6.dir/build.make CMakeFiles/cmTC_01eb6.dir/build
make[2]: Entering directory '/home/yantingchi/Desktop/Lab/indirectCall/OSS-Fuzz/mlta/build/CMakeFiles/CMakeTmp'
Building CXX object CMakeFiles/cmTC_01eb6.dir/testCXXCompiler.cxx.o
/home/yantingchi/Desktop/clang/clang14.0.0/bin/clang++     -o CMakeFiles/cmTC_01eb6.dir/testCXXCompiler.cxx.o -c /home/yantingchi/Desktop/Lab/indirectCall/OSS-Fuzz/mlta/build/CMakeFiles/CMakeTmp/testCXXCompiler.cxx
Linking CXX executable cmTC_01eb6
/usr/bin/cmake -E cmake_link_script CMakeFiles/cmTC_01eb6.dir/link.txt --verbose=1
/home/yantingchi/Desktop/clang/clang14.0.0/bin/clang++       CMakeFiles/cmTC_01eb6.dir/testCXXCompiler.cxx.o  -o cmTC_01eb6 
make[2]: Leaving directory '/home/yantingchi/Desktop/Lab/indirectCall/OSS-Fuzz/mlta/build/CMakeFiles/CMakeTmp'
make[1]: Leaving directory '/home/yantingchi/Desktop/Lab/indirectCall/OSS-Fuzz/mlta/build/CMakeFiles/CMakeTmp'



Detecting CXX compiler ABI info compiled with the following output:
Change Dir: /home/yantingchi/Desktop/Lab/indirectCall/OSS-Fuzz/mlta/build/CMakeFiles/CMakeTmp

Run Build Command(s):/usr/bin/make cmTC_5f401/fast && make[1]: Entering directory '/home/yantingchi/Desktop/Lab/indirectCall/OSS-Fuzz/mlta/build/CMakeFiles/CMakeTmp'
/usr/bin/make -f CMakeFiles/cmTC_5f401.dir/build.make CMakeFiles/cmTC_5f401.dir/build
make[2]: Entering directory '/home/yantingchi/Desktop/Lab/indirectCall/OSS-Fuzz/mlta/build/CMakeFiles/CMakeTmp'
Building CXX object CMakeFiles/cmTC_5f401.dir/CMakeCXXCompilerABI.cpp.o
/home/yantingchi/Desktop/clang/clang14.0.0/bin/clang++    -v -o CMakeFiles/cmTC_5f401.dir/CMakeCXXCompilerABI.cpp.o -c /usr/share/cmake-3.16/Modules/CMakeCXXCompilerABI.cpp
clang version 14.0.0
Target: x86_64-unknown-linux-gnu
Thread model: posix
InstalledDir: /home/yantingchi/Desktop/clang/clang14.0.0/bin
Found candidate GCC installation: /usr/lib/gcc/x86_64-linux-gnu/9
Selected GCC installation: /usr/lib/gcc/x86_64-linux-gnu/9
Candidate multilib: .;@m64
Selected multilib: .;@m64
 (in-process)
 "/home/yantingchi/Desktop/clang/clang14.0.0/bin/clang++" -cc1 -triple x86_64-unknown-linux-gnu -emit-obj -mrelax-all --mrelax-relocations -disable-free -clear-ast-before-backend -disable-llvm-verifier -discard-value-names -main-file-name CMakeCXXCompilerABI.cpp -mrelocation-model static -mframe-pointer=all -fmath-errno -ffp-contract=on -fno-rounding-math -mconstructor-aliases -funwind-tables=2 -target-cpu x86-64 -tune-cpu generic -mllvm -treat-scalable-fixed-error-as-warning -debugger-tuning=gdb -v -fcoverage-compilation-dir=/home/yantingchi/Desktop/Lab/indirectCall/OSS-Fuzz/mlta/build/CMakeFiles/CMakeTmp -resource-dir /home/yantingchi/Desktop/clang/clang14.0.0/lib/clang/14.0.0 -internal-isystem /usr/lib/gcc/x86_64-linux-gnu/9/../../../../include/c++/9 -internal-isystem /usr/lib/gcc/x86_64-linux-gnu/9/../../../../include/x86_64-linux-gnu/c++/9 -internal-isystem /usr/lib/gcc/x86_64-linux-gnu/9/../../../../include/c++/9/backward -internal-isystem /home/yantingchi/Desktop/clang/clang14.0.0/lib/clang/14.0.0/include -internal-isystem /usr/local/include -internal-isystem /usr/lib/gcc/x86_64-linux-gnu/9/../../../../x86_64-linux-gnu/include -internal-externc-isystem /usr/include/x86_64-linux-gnu -internal-externc-isystem /include -internal-externc-isystem /usr/include -fdeprecated-macro -fdebug-compilation-dir=/home/yantingchi/Desktop/Lab/indirectCall/OSS-Fuzz/mlta/build/CMakeFiles/CMakeTmp -ferror-limit 19 -fgnuc-version=4.2.1 -fcxx-exceptions -fexceptions -faddrsig -D__GCC_HAVE_DWARF2_CFI_ASM=1 -o CMakeFiles/cmTC_5f401.dir/CMakeCXXCompilerABI.cpp.o -x c++ /usr/share/cmake-3.16/Modules/CMakeCXXCompilerABI.cpp
clang -cc1 version 14.0.0 based upon LLVM 14.0.0 default target x86_64-unknown-linux-gnu
ignoring nonexistent directory "/usr/lib/gcc/x86_64-linux-gnu/9/../../../../x86_64-linux-gnu/include"
ignoring nonexistent directory "/include"
#include "..." search starts here:
#include <...> search starts here:
 /usr/lib/gcc/x86_64-linux-gnu/9/../../../../include/c++/9
 /usr/lib/gcc/x86_64-linux-gnu/9/../../../../include/x86_64-linux-gnu/c++/9
 /usr/lib/gcc/x86_64-linux-gnu/9/../../../../include/c++/9/backward
 /home/yantingchi/Desktop/clang/clang14.0.0/lib/clang/14.0.0/include
 /usr/local/include
 /usr/include/x86_64-linux-gnu
 /usr/include
End of search list.
Linking CXX executable cmTC_5f401
/usr/bin/cmake -E cmake_link_script CMakeFiles/cmTC_5f401.dir/link.txt --verbose=1
/home/yantingchi/Desktop/clang/clang14.0.0/bin/clang++      -v CMakeFiles/cmTC_5f401.dir/CMakeCXXCompilerABI.cpp.o  -o cmTC_5f401 
clang version 14.0.0
Target: x86_64-unknown-linux-gnu
Thread model: posix
InstalledDir: /home/yantingchi/Desktop/clang/clang14.0.0/bin
Found candidate GCC installation: /usr/lib/gcc/x86_64-linux-gnu/9
Selected GCC installation: /usr/lib/gcc/x86_64-linux-gnu/9
Candidate multilib: .;@m64
Selected multilib: .;@m64
 "/usr/bin/ld" -z relro --hash-style=gnu --eh-frame-hdr -m elf_x86_64 -dynamic-linker /lib64/ld-linux-x86-64.so.2 -o cmTC_5f401 /lib/x86_64-linux-gnu/crt1.o /lib/x86_64-linux-gnu/crti.o /usr/lib/gcc/x86_64-linux-gnu/9/crtbegin.o -L/home/yantingchi/Desktop/clang/clang14.0.0/bin/../lib/x86_64-unknown-linux-gnu -L/usr/lib/gcc/x86_64-linux-gnu/9 -L/usr/lib/gcc/x86_64-linux-gnu/9/../../../../lib64 -L/lib/x86_64-linux-gnu -L/lib/../lib64 -L/usr/lib/x86_64-linux-gnu -L/usr/lib/../lib64 -L/home/yantingchi/Desktop/clang/clang14.0.0/bin/../lib -L/lib -L/usr/lib CMakeFiles/cmTC_5f401.dir/CMakeCXXCompilerABI.cpp.o -lstdc++ -lm -lgcc_s -lgcc -lc -lgcc_s -lgcc /usr/lib/gcc/x86_64-linux-gnu/9/crtend.o /lib/x86_64-linux-gnu/crtn.o
make[2]: Leaving directory '/home/yantingchi/Desktop/Lab/indirectCall/OSS-Fuzz/mlta/build/CMakeFiles/CMakeTmp'
make[1]: Leaving directory '/home/yantingchi/Desktop/Lab/indirectCall/OSS-Fuzz/mlta/build/CMakeFiles/CMakeTmp'



Parsed CXX implicit include dir info from above output: rv=done
  found start of include info
  found start of implicit include info
    add: [/usr/lib/gcc/x86_64-linux-gnu/9/../../../../include/c++/9]
    add: [/usr/lib/gcc/x86_64-linux-gnu/9/../../../../include/x86_64-linux-gnu/c++/9]
    add: [/usr/lib/gcc/x86_64-linux-gnu/9/../../../../include/c++/9/backward]
    add: [/home/yantingchi/Desktop/clang/clang14.0.0/lib/clang/14.0.0/include]
    add: [/usr/local/include]
    add: [/usr/include/x86_64-linux-gnu]
    add: [/usr/include]
  end of search list found
  collapse include dir [/usr/lib/gcc/x86_64-linux-gnu/9/../../../../include/c++/9] ==> [/usr/include/c++/9]
  collapse include dir [/usr/lib/gcc/x86_64-linux-gnu/9/../../../../include/x86_64-linux-gnu/c++/9] ==> [/usr/include/x86_64-linux-gnu/c++/9]
  collapse include dir [/usr/lib/gcc/x86_64-linux-gnu/9/../../../../include/c++/9/backward] ==> [/usr/include/c++/9/backward]
  collapse include dir [/home/yantingchi/Desktop/clang/clang14.0.0/lib/clang/14.0.0/include] ==> [/home/yantingchi/Desktop/clang/clang14.0.0/lib/clang/14.0.0/include]
  collapse include dir [/usr/local/include] ==> [/usr/local/include]
  collapse include dir [/usr/include/x86_64-linux-gnu] ==> [/usr/include/x86_64-linux-gnu]
  collapse include dir [/usr/include] ==> [/usr/include]
  implicit include dirs: [/usr/include/c++/9;/usr/include/x86_64-linux-gnu/c++/9;/usr/include/c++/9/backward;/home/yantingchi/Desktop/clang/clang14.0.0/lib/clang/14.0.0/include;/usr/local/include;/usr/include/x86_64-linux-gnu;/usr/include]


Parsed CXX implicit link information from above output:
  link line regex: [^( *|.*[/\])(ld|CMAKE_LINK_STARTFILE-NOTFOUND|([^/\]+-)?ld|collect2)[^/\]*( |$)]
  ignore line: [Change Dir: /home/yantingchi/Desktop/Lab/indirectCall/OSS-Fuzz/mlta/build/CMakeFiles/CMakeTmp]
  ignore line: []
  ignore line: [Run Build Command(s):/usr/bin/make cmTC_5f401/fast && make[1]: Entering directory '/home/yantingchi/Desktop/Lab/indirectCall/OSS-Fuzz/mlta/build/CMakeFiles/CMakeTmp']
  ignore line: [/usr/bin/make -f CMakeFiles/cmTC_5f401.dir/build.make CMakeFiles/cmTC_5f401.dir/build]
  ignore line: [make[2]: Entering directory '/home/yantingchi/Desktop/Lab/indirectCall/OSS-Fuzz/mlta/build/CMakeFiles/CMakeTmp']
  ignore line: [Building CXX object CMakeFiles/cmTC_5f401.dir/CMakeCXXCompilerABI.cpp.o]
  ignore line: [/home/yantingchi/Desktop/clang/clang14.0.0/bin/clang++    -v -o CMakeFiles/cmTC_5f401.dir/CMakeCXXCompilerABI.cpp.o -c /usr/share/cmake-3.16/Modules/CMakeCXXCompilerABI.cpp]
  ignore line: [clang version 14.0.0]
  ignore line: [Target: x86_64-unknown-linux-gnu]
  ignore line: [Thread model: posix]
  ignore line: [InstalledDir: /home/yantingchi/Desktop/clang/clang14.0.0/bin]
  ignore line: [Found candidate GCC installation: /usr/lib/gcc/x86_64-linux-gnu/9]
  ignore line: [Selected GCC installation: /usr/lib/gcc/x86_64-linux-gnu/9]
  ignore line: [Candidate multilib: .]
  ignore line: [@m64]
  ignore line: [Selected multilib: .]
  ignore line: [@m64]
  ignore line: [ (in-process)]
  ignore line: [ "/home/yantingchi/Desktop/clang/clang14.0.0/bin/clang++" -cc1 -triple x86_64-unknown-linux-gnu -emit-obj -mrelax-all --mrelax-relocations -disable-free -clear-ast-before-backend -disable-llvm-verifier -discard-value-names -main-file-name CMakeCXXCompilerABI.cpp -mrelocation-model static -mframe-pointer=all -fmath-errno -ffp-contract=on -fno-rounding-math -mconstructor-aliases -funwind-tables=2 -target-cpu x86-64 -tune-cpu generic -mllvm -treat-scalable-fixed-error-as-warning -debugger-tuning=gdb -v -fcoverage-compilation-dir=/home/yantingchi/Desktop/Lab/indirectCall/OSS-Fuzz/mlta/build/CMakeFiles/CMakeTmp -resource-dir /home/yantingchi/Desktop/clang/clang14.0.0/lib/clang/14.0.0 -internal-isystem /usr/lib/gcc/x86_64-linux-gnu/9/../../../../include/c++/9 -internal-isystem /usr/lib/gcc/x86_64-linux-gnu/9/../../../../include/x86_64-linux-gnu/c++/9 -internal-isystem /usr/lib/gcc/x86_64-linux-gnu/9/../../../../include/c++/9/backward -internal-isystem /home/yantingchi/Desktop/clang/clang14.0.0/lib/clang/14.0.0/include -internal-isystem /usr/local/include -internal-isystem /usr/lib/gcc/x86_64-linux-gnu/9/../../../../x86_64-linux-gnu/include -internal-externc-isystem /usr/include/x86_64-linux-gnu -internal-externc-isystem /include -internal-externc-isystem /usr/include -fdeprecated-macro -fdebug-compilation-dir=/home/yantingchi/Desktop/Lab/indirectCall/OSS-Fuzz/mlta/build/CMakeFiles/CMakeTmp -ferror-limit 19 -fgnuc-version=4.2.1 -fcxx-exceptions -fexceptions -faddrsig -D__GCC_HAVE_DWARF2_CFI_ASM=1 -o CMakeFiles/cmTC_5f401.dir/CMakeCXXCompilerABI.cpp.o -x c++ /usr/share/cmake-3.16/Modules/CMakeCXXCompilerABI.cpp]
  ignore line: [clang -cc1 version 14.0.0 based upon LLVM 14.0.0 default target x86_64-unknown-linux-gnu]
  ignore line: [ignoring nonexistent directory "/usr/lib/gcc/x86_64-linux-gnu/9/../../../../x86_64-linux-gnu/include"]
  ignore line: [ignoring nonexistent directory "/include"]
  ignore line: [#include "..." search starts here:]
  ignore line: [#include <...> search starts here:]
  ignore line: [ /usr/lib/gcc/x86_64-linux-gnu/9/../../../../include/c++/9]
  ignore line: [ /usr/lib/gcc/x86_64-linux-gnu/9/../../../../include/x86_64-linux-gnu/c++/9]
  ignore line: [ /usr/lib/gcc/x86_64-linux-gnu/9/../../../../include/c++/9/backward]
  ignore line: [ /home/yantingchi/Desktop/clang/clang14.0.0/lib/clang/14.0.0/include]
  ignore line: [ /usr/local/include]
  ignore line: [ /usr/include/x86_64-linux-gnu]
  ignore line: [ /usr/include]
  ignore line: [End of search list.]
  ignore line: [Linking CXX executable cmTC_5f401]
  ignore line: [/usr/bin/cmake -E cmake_link_script CMakeFiles/cmTC_5f401.dir/link.txt --verbose=1]
  ignore line: [/home/yantingchi/Desktop/clang/clang14.0.0/bin/clang++      -v CMakeFiles/cmTC_5f401.dir/CMakeCXXCompilerABI.cpp.o  -o cmTC_5f401 ]
  ignore line: [clang version 14.0.0]
  ignore line: [Target: x86_64-unknown-linux-gnu]
  ignore line: [Thread model: posix]
  ignore line: [InstalledDir: /home/yantingchi/Desktop/clang/clang14.0.0/bin]
  ignore line: [Found candidate GCC installation: /usr/lib/gcc/x86_64-linux-gnu/9]
  ignore line: [Selected GCC installation: /usr/lib/gcc/x86_64-linux-gnu/9]
  ignore line: [Candidate multilib: .]
  ignore line: [@m64]
  ignore line: [Selected multilib: .]
  ignore line: [@m64]
  link line: [ "/usr/bin/ld" -z relro --hash-style=gnu --eh-frame-hdr -m elf_x86_64 -dynamic-linker /lib64/ld-linux-x86-64.so.2 -o cmTC_5f401 /lib/x86_64-linux-gnu/crt1.o /lib/x86_64-linux-gnu/crti.o /usr/lib/gcc/x86_64-linux-gnu/9/crtbegin.o -L/home/yantingchi/Desktop/clang/clang14.0.0/bin/../lib/x86_64-unknown-linux-gnu -L/usr/lib/gcc/x86_64-linux-gnu/9 -L/usr/lib/gcc/x86_64-linux-gnu/9/../../../../lib64 -L/lib/x86_64-linux-gnu -L/lib/../lib64 -L/usr/lib/x86_64-linux-gnu -L/usr/lib/../lib64 -L/home/yantingchi/Desktop/clang/clang14.0.0/bin/../lib -L/lib -L/usr/lib CMakeFiles/cmTC_5f401.dir/CMakeCXXCompilerABI.cpp.o -lstdc++ -lm -lgcc_s -lgcc -lc -lgcc_s -lgcc /usr/lib/gcc/x86_64-linux-gnu/9/crtend.o /lib/x86_64-linux-gnu/crtn.o]
    arg [/usr/bin/ld] ==> ignore
    arg [-zrelro] ==> ignore
    arg [--hash-style=gnu] ==> ignore
    arg [--eh-frame-hdr] ==> ignore
    arg [-m] ==> ignore
    arg [elf_x86_64] ==> ignore
    arg [-dynamic-linker] ==> ignore
    arg [/lib64/ld-linux-x86-64.so.2] ==> ignore
    arg [-o] ==> ignore
    arg [cmTC_5f401] ==> ignore
    arg [/lib/x86_64-linux-gnu/crt1.o] ==> ignore
    arg [/lib/x86_64-linux-gnu/crti.o] ==> ignore
    arg [/usr/lib/gcc/x86_64-linux-gnu/9/crtbegin.o] ==> ignore
    arg [-L/home/yantingchi/Desktop/clang/clang14.0.0/bin/../lib/x86_64-unknown-linux-gnu] ==> dir [/home/yantingchi/Desktop/clang/clang14.0.0/bin/../lib/x86_64-unknown-linux-gnu]
    arg [-L/usr/lib/gcc/x86_64-linux-gnu/9] ==> dir [/usr/lib/gcc/x86_64-linux-gnu/9]
    arg [-L/usr/lib/gcc/x86_64-linux-gnu/9/../../../../lib64] ==> dir [/usr/lib/gcc/x86_64-linux-gnu/9/../../../../lib64]
    arg [-L/lib/x86_64-linux-gnu] ==> dir [/lib/x86_64-linux-gnu]
    arg [-L/lib/../lib64] ==> dir [/lib/../lib64]
    arg [-L/usr/lib/x86_64-linux-gnu] ==> dir [/usr/lib/x86_64-linux-gnu]
    arg [-L/usr/lib/../lib64] ==> dir [/usr/lib/../lib64]
    arg [-L/home/yantingchi/Desktop/clang/clang14.0.0/bin/../lib] ==> dir [/home/yantingchi/Desktop/clang/clang14.0.0/bin/../lib]
    arg [-L/lib] ==> dir [/lib]
    arg [-L/usr/lib] ==> dir [/usr/lib]
    arg [CMakeFiles/cmTC_5f401.dir/CMakeCXXCompilerABI.cpp.o] ==> ignore
    arg [-lstdc++] ==> lib [stdc++]
    arg [-lm] ==> lib [m]
    arg [-lgcc_s] ==> lib [gcc_s]
    arg [-lgcc] ==> lib [gcc]
    arg [-lc] ==> lib [c]
    arg [-lgcc_s] ==> lib [gcc_s]
    arg [-lgcc] ==> lib [gcc]
    arg [/usr/lib/gcc/x86_64-linux-gnu/9/crtend.o] ==> ignore
    arg [/lib/x86_64-linux-gnu/crtn.o] ==> ignore
  collapse library dir [/home/yantingchi/Desktop/clang/clang14.0.0/bin/../lib/x86_64-unknown-linux-gnu] ==> [/home/yantingchi/Desktop/clang/clang14.0.0/lib/x86_64-unknown-linux-gnu]
  collapse library dir [/usr/lib/gcc/x86_64-linux-gnu/9] ==> [/usr/lib/gcc/x86_64-linux-gnu/9]
  collapse library dir [/usr/lib/gcc/x86_64-linux-gnu/9/../../../../lib64] ==> [/usr/lib64]
  collapse library dir [/lib/x86_64-linux-gnu] ==> [/lib/x86_64-linux-gnu]
  collapse library dir [/lib/../lib64] ==> [/lib64]
  collapse library dir [/usr/lib/x86_64-linux-gnu] ==> [/usr/lib/x86_64-linux-gnu]
  collapse library dir [/usr/lib/../lib64] ==> [/usr/lib64]
  collapse library dir [/home/yantingchi/Desktop/clang/clang14.0.0/bin/../lib] ==> [/home/yantingchi/Desktop/clang/clang14.0.0/lib]
  collapse library dir [/lib] ==> [/lib]
  collapse library dir [/usr/lib] ==> [/usr/lib]
  implicit libs: [stdc++;m;gcc_s;gcc;c;gcc_s;gcc]
  implicit dirs: [/home/yantingchi/Desktop/clang/clang14.0.0/lib/x86_64-unknown-linux-gnu;/usr/lib/gcc/x86_64-linux-gnu/9;/usr/lib64;/lib/x86_64-linux-gnu;/lib64;/usr/lib/x86_64-linux-gnu;/home/yantingchi/Desktop/clang/clang14.0.0/lib;/lib;/usr/lib]
  implicit fwks: []


